<?xml version="1.0" encoding="UTF-8"?>
<!-- Generated by org.testng.reporters.JUnitXMLReporter -->
<testsuite ignored="0" hostname="DESKTOP-GP99FID" failures="0" tests="4" name="Default test" time="1.103" errors="0" timestamp="2022-12-14T19:11:33 IST">
  <testcase classname="seleniumDataDrivenpkg.ArrayExcel" name="testData" time="0.01"/>
  <testcase classname="seleniumDataDrivenpkg.ArrayExcel" name="testData" time="0.006"/>
  <testcase classname="seleniumDataDrivenpkg.ArrayExcel" name="testData" time="0.004"/>
  <testcase classname="seleniumDataDrivenpkg.ArrayExcel" name="testData" time="0.002"/>
</testsuite> <!-- Default test -->
